2022-07-11 19:21:12 DEBUG InputData: chatId=1051811573 data=/result
2022-07-11 19:21:12 DEBUG OutputData: chatId=1051811573 data=Результат голосования отсутствует, выполните команду /vote
2022-07-11 19:21:14 DEBUG InputData: chatId=1051811573 data=/vote
2022-07-11 19:21:14 INFO  chrome Процесс не найден
2022-07-11 19:21:14 INFO  chromedriver Процесс не найден
2022-07-11 19:21:15 INFO  firefox Процесс не найден
2022-07-11 19:21:15 INFO  geckodriver Процесс не найден
2022-07-11 19:21:15 INFO  msedge Процесс не найден
2022-07-11 19:21:15 INFO  msedgedriver Процесс не найден
2022-07-11 19:21:15 INFO  opera Процесс не найден
2022-07-11 19:21:16 INFO  operadriver Процесс не найден
2022-07-11 19:21:16 INFO  chromium Попытка № 0
2022-07-11 19:21:16 INFO  chromium Инициализация драйвера...
2022-07-11 19:21:17 INFO  chromium Прокси выключен!
2022-07-11 19:21:17 INFO  chromium опции браузера установлены
2022-07-11 19:21:19 INFO  chrome Получаем IP адрес... 
2022-07-11 19:21:20 INFO  chrome IP адрес = 178.214.245.208
2022-07-11 19:21:21 INFO  chromium Запуск страницы голосования https://www.ufa.kp.ru/best/msk/oprosy/ufa_klinikagoda2022
2022-07-11 19:21:22 INFO  Ожидаем 2 сек...
2022-07-11 19:21:24 INFO  chromium UserAgent = Mozilla/5.0 (Macintosh; Intel Mac OS X 10_10_0) AppleWebKit/537.36 (KHTML, like Gecko) Chrome/44.0.2403.155 Safari/537.36
2022-07-11 19:21:24 INFO  chromium Пытаемся получить куки...
2022-07-11 19:21:24 INFO  Сохраняем объект HashSet в cookie_after_voting.json...
2022-07-11 19:21:24 INFO  Сохраняем объект VotingPage в page_before_voting.json...
2022-07-11 19:21:24 INFO  chromium Ищем inp59 ...
2022-07-11 19:21:24 INFO  chromium Проставлен inp59
2022-07-11 19:21:24 INFO  chromium Ищем кнопку голосования: 
2022-07-11 19:21:24 INFO  chromium Кнопка голосования нажата: 
2022-07-11 19:21:24 INFO  Ожидаем 2 сек...
2022-07-11 19:21:26 INFO  chromium Пытаемся получить куки...
2022-07-11 19:21:26 INFO  Сохраняем объект HashSet в cookie_before_voting.json...
2022-07-11 19:21:26 INFO  Сохраняем объект VotingPage в page_after_voting.json...
2022-07-11 19:21:26 INFO  Сохраняем объект MemberRanks в member_ranks.json...
2022-07-11 19:21:26 INFO  Сохраняем объект MemberRanks в member_ranks.json...
2022-07-11 19:21:26 INFO  chromium Member{id=59, input='inp59', title='ГБУЗ РБ Детская поликлиника № 4 г. Уфа', count='6104', percent='(51.17%)'}
2022-07-11 19:21:26 INFO  chromium Завершаем работу драйвера: chromedriver
2022-07-11 19:21:27 INFO  chromium Работа драйвера chromedriver успешно завершена!
2022-07-11 19:21:27 DEBUG OutputData: chatId=1051811573 data=Результат голосования на 11.07.2022 19:21:26
Участник: 
ГБУЗ РБ Детская поликлиника № 4 г. Уфа
занимает 1-е место с 6104 голосов, опережая конкурента 
ГБУЗ РБ Детская поликлиника № 2 г. Уфа
на 3944 голосов 


