04-07-2022 21:44:36 chatId: 1051811573 data=/result telegramUserName: zaripov_Ilnaz firstName: Ильназ
05-07-2022 00:05:25 chatId: 1051811573 data=/vote telegramUserName: zaripov_Ilnaz firstName: Ильназ
05-07-2022 00:06:06 chatId: 1051811573 data=/vote telegramUserName: zaripov_Ilnaz firstName: Ильназ
11-07-2022 13:28:24 chatId: 1051811573 data=/start telegramUserName: zaripov_Ilnaz firstName: Zaripov
11-07-2022 13:28:35 chatId: 1051811573 data=/result telegramUserName: zaripov_Ilnaz firstName: Zaripov
11-07-2022 13:29:19 chatId: 1051811573 data=/vote telegramUserName: zaripov_Ilnaz firstName: Zaripov
11-07-2022 13:30:16 chatId: 1051811573 data=/vote telegramUserName: zaripov_Ilnaz firstName: Zaripov
11-07-2022 13:37:01 chatId: 1051811573 data=/vote telegramUserName: zaripov_Ilnaz firstName: Zaripov
11-07-2022 13:39:58 chatId: 1051811573 data=/vote telegramUserName: zaripov_Ilnaz firstName: Zaripov
11-07-2022 13:40:44 chatId: 1051811573 data=/vote telegramUserName: zaripov_Ilnaz firstName: Zaripov
11-07-2022 13:40:57 chatId: 1051811573 data=/vote telegramUserName: zaripov_Ilnaz firstName: Zaripov
11-07-2022 13:41:13 chatId: 1051811573 data=/vote telegramUserName: zaripov_Ilnaz firstName: Zaripov
11-07-2022 13:42:06 chatId: 1051811573 data=/vote telegramUserName: zaripov_Ilnaz firstName: Zaripov
11-07-2022 13:43:02 chatId: 1051811573 data=/vote telegramUserName: zaripov_Ilnaz firstName: Zaripov
11-07-2022 14:27:33 chatId: 1051811573 data=/vote telegramUserName: zaripov_Ilnaz firstName: Zaripov
11-07-2022 14:36:14 chatId: 1051811573 data=/vote telegramUserName: zaripov_Ilnaz firstName: Zaripov
11-07-2022 14:38:51 chatId: 1051811573 data=/vote telegramUserName: zaripov_Ilnaz firstName: Zaripov
11-07-2022 14:41:25 chatId: 1051811573 data=/vote telegramUserName: zaripov_Ilnaz firstName: Zaripov
11-07-2022 14:42:12 chatId: 1051811573 data=/vote telegramUserName: zaripov_Ilnaz firstName: Zaripov
11-07-2022 14:43:32 chatId: 1051811573 data=/vote telegramUserName: zaripov_Ilnaz firstName: Zaripov
11-07-2022 14:45:21 chatId: 1051811573 data=/vote telegramUserName: zaripov_Ilnaz firstName: Zaripov
11-07-2022 14:55:09 chatId: 1051811573 data=/vote telegramUserName: zaripov_Ilnaz firstName: Zaripov
11-07-2022 14:56:12 chatId: 1051811573 data=/vote telegramUserName: zaripov_Ilnaz firstName: Zaripov
11-07-2022 14:58:15 chatId: 1051811573 data=/vote telegramUserName: zaripov_Ilnaz firstName: Zaripov
11-07-2022 15:01:25 chatId: 1051811573 data=/vote telegramUserName: zaripov_Ilnaz firstName: Zaripov
11-07-2022 15:11:53 chatId: 1051811573 data=/vote telegramUserName: zaripov_Ilnaz firstName: Zaripov
11-07-2022 15:15:31 chatId: 1051811573 data=/vote telegramUserName: zaripov_Ilnaz firstName: Zaripov
11-07-2022 15:18:53 chatId: 1051811573 data=/vote telegramUserName: zaripov_Ilnaz firstName: Zaripov
11-07-2022 15:28:19 chatId: 1051811573 data=/vote telegramUserName: zaripov_Ilnaz firstName: Zaripov
11-07-2022 16:36:21 chatId: 1051811573 data=/vote telegramUserName: zaripov_Ilnaz firstName: Zaripov
11-07-2022 16:43:01 chatId: 1051811573 data=/vote telegramUserName: zaripov_Ilnaz firstName: Zaripov
11-07-2022 17:05:36 chatId: 1051811573 data=/result telegramUserName: zaripov_Ilnaz firstName: Zaripov
11-07-2022 17:07:13 chatId: 1051811573 data=/result telegramUserName: zaripov_Ilnaz firstName: Zaripov
11-07-2022 17:24:07 chatId: 1051811573 data=/result telegramUserName: zaripov_Ilnaz firstName: Zaripov
11-07-2022 17:29:11 chatId: 1051811573 data=/result telegramUserName: zaripov_Ilnaz firstName: Zaripov
11-07-2022 17:29:28 chatId: 1051811573 data=/vote telegramUserName: zaripov_Ilnaz firstName: Zaripov
11-07-2022 17:30:35 chatId: 1051811573 data=/vote telegramUserName: zaripov_Ilnaz firstName: Zaripov
11-07-2022 17:30:53 chatId: 1051811573 data=/vote telegramUserName: zaripov_Ilnaz firstName: Zaripov
11-07-2022 17:31:04 chatId: 1051811573 data=/vote telegramUserName: zaripov_Ilnaz firstName: Zaripov
11-07-2022 17:32:32 chatId: 1051811573 data=/vote telegramUserName: zaripov_Ilnaz firstName: Zaripov
11-07-2022 17:32:48 chatId: 1051811573 data=/result telegramUserName: zaripov_Ilnaz firstName: Zaripov
11-07-2022 17:41:07 chatId: 1051811573 data=/result telegramUserName: zaripov_Ilnaz firstName: Zaripov
11-07-2022 17:41:27 chatId: 1051811573 data=/vote telegramUserName: zaripov_Ilnaz firstName: Zaripov
